app/build/outputs/logs/manifest-merger-debug-report.txt
-- Merging decision tree log ---
manifest
ADDED from src\main\AndroidManifest.xml:2:1-151:12
	package
		ADDED from src\main\AndroidManifest.xml:3:2-39
		INJECTED from src\main\AndroidManifest.xml
		INJECTED from src\main\AndroidManifest.xml
	android:versionName
		ADDED from src\main\AndroidManifest.xml:4:2-27
		INJECTED from src\main\AndroidManifest.xml
		INJECTED from src\main\AndroidManifest.xml
	android:versionCode
		ADDED from src\main\AndroidManifest.xml:3:40-63
		INJECTED from src\main\AndroidManifest.xml
		INJECTED from src\main\AndroidManifest.xml
	xmlns:android
		ADDED from src\main\AndroidManifest.xml:2:11-69
application
ADDED from src\main\AndroidManifest.xml:5:2-116:16
	android:label
		ADDED from src\main\AndroidManifest.xml:6:3-35
	android:icon
		ADDED from src\main\AndroidManifest.xml:5:15-54
	android:theme
		ADDED from src\main\AndroidManifest.xml:7:3-67
activity#com.yangguangfu.videoplayer.LoginActivity
ADDED from src\main\AndroidManifest.xml:8:3-14:14
	android:screenOrientation
		ADDED from src\main\AndroidManifest.xml:9:4-41
	android:configChanges
		ADDED from src\main\AndroidManifest.xml:9:42-99
	android:name
		ADDED from src\main\AndroidManifest.xml:8:13-42
intent-filter#android.intent.action.MAIN+android.intent.category.LAUNCHER
ADDED from src\main\AndroidManifest.xml:10:4-13:20
action#android.intent.action.MAIN
ADDED from src\main\AndroidManifest.xml:11:5-57
	android:name
		ADDED from src\main\AndroidManifest.xml:11:13-54
category#android.intent.category.LAUNCHER
ADDED from src\main\AndroidManifest.xml:12:5-65
	android:name
		ADDED from src\main\AndroidManifest.xml:12:15-62
activity#com.yangguangfu.videoplayer.MainMenuActivity
ADDED from src\main\AndroidManifest.xml:16:3-22:14
	android:clearTaskOnLaunch
		ADDED from src\main\AndroidManifest.xml:17:36-68
	android:screenOrientation
		ADDED from src\main\AndroidManifest.xml:18:38-75
	android:excludeFromRecents
		ADDED from src\main\AndroidManifest.xml:18:4-37
	android:launchMode
		ADDED from src\main\AndroidManifest.xml:17:4-35
	android:configChanges
		ADDED from src\main\AndroidManifest.xml:19:4-61
	android:theme
		ADDED from src\main\AndroidManifest.xml:20:4-68
	android:name
		ADDED from src\main\AndroidManifest.xml:16:13-45
activity#com.yangguangfu.videoplayer.VersionInfoActivity
ADDED from src\main\AndroidManifest.xml:24:3-26:14
	android:screenOrientation
		ADDED from src\main\AndroidManifest.xml:25:4-41
	android:configChanges
		ADDED from src\main\AndroidManifest.xml:25:42-72
	android:name
		ADDED from src\main\AndroidManifest.xml:24:13-48
activity#com.yangguangfu.videoplayer.util.SetupActivity
ADDED from src\main\AndroidManifest.xml:28:3-30:14
	android:screenOrientation
		ADDED from src\main\AndroidManifest.xml:29:4-41
	android:configChanges
		ADDED from src\main\AndroidManifest.xml:29:42-99
	android:theme
		ADDED from src\main\AndroidManifest.xml:28:48-84
	android:name
		ADDED from src\main\AndroidManifest.xml:28:13-47
activity#com.yangguangfu.videoplayer.VideoPlayerActivity
ADDED from src\main\AndroidManifest.xml:32:3-79:14
	android:screenOrientation
		ADDED from src\main\AndroidManifest.xml:34:4-41
	android:configChanges
		ADDED from src\main\AndroidManifest.xml:33:4-72
	android:theme
		ADDED from src\main\AndroidManifest.xml:34:42-89
	android:name
		ADDED from src\main\AndroidManifest.xml:32:13-48
intent-filter#android.intent.action.VIEW+android.intent.category.BROWSABLE+android.intent.category.DEFAULT
ADDED from src\main\AndroidManifest.xml:45:7-51:20
action#android.intent.action.VIEW
ADDED from src\main\AndroidManifest.xml:46:5-57
	android:name
		ADDED from src\main\AndroidManifest.xml:46:13-54
category#android.intent.category.DEFAULT
ADDED from src\main\AndroidManifest.xml:47:5-64
	android:name
		ADDED from src\main\AndroidManifest.xml:47:15-61
category#android.intent.category.BROWSABLE
ADDED from src\main\AndroidManifest.xml:48:5-66
	android:name
		ADDED from src\main\AndroidManifest.xml:48:15-63
data
ADDED from src\main\AndroidManifest.xml:49:5-35
	android:scheme
		ADDED from src\main\AndroidManifest.xml:49:11-32
intent-filter#android.intent.action.VIEW+android.intent.category.DEFAULT
ADDED from src\main\AndroidManifest.xml:65:4-69:20
activity#com.yangguangfu.videoplayer.playlist.PlayListsActivity
ADDED from src\main\AndroidManifest.xml:82:3-84:101
	android:configChanges
		ADDED from src\main\AndroidManifest.xml:84:41-98
	android:theme
		ADDED from src\main\AndroidManifest.xml:84:4-40
	android:name
		ADDED from src\main\AndroidManifest.xml:82:13-82
activity#com.yangguangfu.videoplayer.AuthorActivity
ADDED from src\main\AndroidManifest.xml:86:3-88:14
	android:screenOrientation
		ADDED from src\main\AndroidManifest.xml:87:4-41
	android:configChanges
		ADDED from src\main\AndroidManifest.xml:87:42-72
	android:name
		ADDED from src\main\AndroidManifest.xml:86:13-43
activity#com.yangguangfu.videoplayer.HelpActivity
ADDED from src\main\AndroidManifest.xml:90:3-92:14
	android:screenOrientation
		ADDED from src\main\AndroidManifest.xml:91:4-41
	android:configChanges
		ADDED from src\main\AndroidManifest.xml:91:42-72
	android:name
		ADDED from src\main\AndroidManifest.xml:90:13-41
activity#com.yangguangfu.videoplayer.contact.SendEmailAdvice
ADDED from src\main\AndroidManifest.xml:94:3-96:14
	android:screenOrientation
		ADDED from src\main\AndroidManifest.xml:95:4-41
	android:configChanges
		ADDED from src\main\AndroidManifest.xml:95:42-72
	android:name
		ADDED from src\main\AndroidManifest.xml:94:13-52
activity#com.yangguangfu.videoplayer.contact.SendEmailFriend
ADDED from src\main\AndroidManifest.xml:98:3-100:14
	android:screenOrientation
		ADDED from src\main\AndroidManifest.xml:99:4-41
	android:configChanges
		ADDED from src\main\AndroidManifest.xml:99:42-72
	android:name
		ADDED from src\main\AndroidManifest.xml:98:13-52
activity#com.yangguangfu.videoplayer.contact.SendEmailAuthor
ADDED from src\main\AndroidManifest.xml:103:3-105:14
	android:screenOrientation
		ADDED from src\main\AndroidManifest.xml:104:4-41
	android:configChanges
		ADDED from src\main\AndroidManifest.xml:104:42-72
	android:name
		ADDED from src\main\AndroidManifest.xml:103:13-52
activity#com.waps.OffersWebView
ADDED from src\main\AndroidManifest.xml:107:3-108:57
	android:configChanges
		ADDED from src\main\AndroidManifest.xml:108:4-54
	android:name
		ADDED from src\main\AndroidManifest.xml:107:13-50
meta-data#WAPS_ID
ADDED from src\main\AndroidManifest.xml:110:3-88
	android:value
		ADDED from src\main\AndroidManifest.xml:110:37-85
	android:name
		ADDED from src\main\AndroidManifest.xml:110:14-36
meta-data#WAPS_PID
ADDED from src\main\AndroidManifest.xml:112:3-61
	android:value
		ADDED from src\main\AndroidManifest.xml:112:38-58
	android:name
		ADDED from src\main\AndroidManifest.xml:112:14-37
uses-sdk
ADDED from src\main\AndroidManifest.xml:118:2-119:32
	android:maxSdkVersion
		ADDED from src\main\AndroidManifest.xml:119:3-29
	android:targetSdkVersion
		ADDED from src\main\AndroidManifest.xml:118:38-66
		INJECTED from src\main\AndroidManifest.xml
		INJECTED from src\main\AndroidManifest.xml
	android:minSdkVersion
		ADDED from src\main\AndroidManifest.xml:118:12-37
		INJECTED from src\main\AndroidManifest.xml
		INJECTED from src\main\AndroidManifest.xml
uses-permission#android.permission.WRITE_EXTERNAL_STORAGE
ADDED from src\main\AndroidManifest.xml:121:2-78
	android:name
		ADDED from src\main\AndroidManifest.xml:121:19-75
uses-permission#android.permission.READ_PHONE_STATE
ADDED from src\main\AndroidManifest.xml:122:2-72
	android:name
		ADDED from src\main\AndroidManifest.xml:122:19-69
uses-permission#android.permission.WAKE_LOCK
ADDED from src\main\AndroidManifest.xml:123:2-65
	android:name
		ADDED from src\main\AndroidManifest.xml:123:19-62
uses-permission#android.permission.READ_SMS
ADDED from src\main\AndroidManifest.xml:124:2-64
	android:name
		ADDED from src\main\AndroidManifest.xml:124:19-61
uses-permission#android.permission.READ_CONTACTS
ADDED from src\main\AndroidManifest.xml:125:2-69
	android:name
		ADDED from src\main\AndroidManifest.xml:125:19-66
uses-permission#android.permission.INTERNET
ADDED from src\main\AndroidManifest.xml:126:2-64
	android:name
		ADDED from src\main\AndroidManifest.xml:126:19-61
uses-permission#android.permission.ACCESS_NETWORK_STATE
ADDED from src\main\AndroidManifest.xml:129:2-76
	android:name
		ADDED from src\main\AndroidManifest.xml:129:19-73
uses-permission#android.permission.ACCESS_COARSE_LOCATION
ADDED from src\main\AndroidManifest.xml:130:2-78
	android:name
		ADDED from src\main\AndroidManifest.xml:130:19-75
uses-permission#android.permission.ACCESS_WIFI_STATE
ADDED from src\main\AndroidManifest.xml:131:2-73
	android:name
		ADDED from src\main\AndroidManifest.xml:131:19-70
uses-permission#android.permission.GET_TASKS
ADDED from src\main\AndroidManifest.xml:139:2-65
	android:name
		ADDED from src\main\AndroidManifest.xml:139:19-62
uses-permission#com.android.launcher.permission.INSTALL_SHORTCUT
ADDED from src\main\AndroidManifest.xml:141:2-85
	android:name
		ADDED from src\main\AndroidManifest.xml:141:19-82
uses-permission#com.android.browser.permission.WRITE_HISTORY_BOOKMARKS
ADDED from src\main\AndroidManifest.xml:142:2-143:75
	android:name
		ADDED from src\main\AndroidManifest.xml:143:3-72